\BOOKMARK [1][-]{section*.1}{\376\377\000A\000b\000s\000t\000r\000a\000c\000t}{}% 1
\BOOKMARK [1][-]{section*.2}{\376\377\000T\000r\000a\000n\000s\000f\000e\000r\000\040\000o\000f\000\040\000L\000e\000a\000r\000n\000e\000d\000\040\000O\000p\000p\000o\000n\000e\000n\000t\000\040\000M\000o\000d\000e\000l\000s\000\040\000i\000n\000\040\000Z\000e\000r\000o\000\040\000S\000u\000m\000\040\000G\000a\000m\000e\000s}{}% 2
\BOOKMARK [1][-]{section*.3}{\376\377\000I\000n\000t\000r\000o\000d\000u\000c\000t\000i\000o\000n}{}% 3
\BOOKMARK [1][-]{section*.4}{\376\377\000E\000x\000p\000e\000r\000i\000m\000e\000n\000t\000\040\0001}{}% 4
\BOOKMARK [2][-]{section*.5}{\376\377\000M\000e\000t\000h\000o\000d\000s}{section*.4}% 5
\BOOKMARK [2][-]{section*.6}{\376\377\000P\000a\000r\000t\000i\000c\000i\000p\000a\000n\000t\000s}{section*.4}% 6
\BOOKMARK [2][-]{section*.7}{\376\377\000P\000r\000o\000c\000e\000d\000u\000r\000e}{section*.4}% 7
\BOOKMARK [2][-]{section*.9}{\376\377\000R\000e\000s\000u\000l\000t\000s}{section*.4}% 8
\BOOKMARK [3][-]{section*.12}{\376\377\000L\000e\000a\000r\000n\000i\000n\000g\000\040\000t\000r\000a\000n\000s\000f\000e\000r}{section*.9}% 9
\BOOKMARK [1][-]{section*.15}{\376\377\000S\000e\000c\000o\000n\000d\000\040\000E\000x\000p\000e\000r\000i\000m\000e\000n\000t}{}% 10
\BOOKMARK [2][-]{section*.16}{\376\377\000M\000e\000t\000h\000o\000d\000s}{section*.15}% 11
\BOOKMARK [3][-]{section*.17}{\376\377\000P\000a\000r\000t\000i\000c\000i\000p\000a\000n\000t\000s}{section*.16}% 12
\BOOKMARK [3][-]{section*.18}{\376\377\000P\000r\000o\000c\000e\000d\000u\000r\000e}{section*.16}% 13
\BOOKMARK [2][-]{section*.19}{\376\377\000R\000e\000s\000u\000l\000t\000s}{section*.15}% 14
\BOOKMARK [3][-]{section*.21}{\376\377\000L\000e\000a\000r\000n\000i\000n\000g\000\040\000t\000r\000a\000n\000s\000f\000e\000r}{section*.19}% 15
\BOOKMARK [1][-]{section*.23}{\376\377\000C\000o\000m\000p\000u\000t\000a\000t\000i\000o\000n\000a\000l\000\040\000m\000o\000d\000e\000l\000l\000i\000n\000g}{}% 16
\BOOKMARK [2][-]{section*.24}{\376\377\000E\000W\000A\000\040\000M\000o\000d\000e\000l\000s}{section*.23}% 17
\BOOKMARK [3][-]{section*.25}{\376\377\000T\000o\000M\000\040\000m\000o\000d\000e\000l\000s}{section*.24}% 18
\BOOKMARK [2][-]{section*.26}{\376\377\000E\000x\000p\000e\000r\000i\000m\000e\000n\000t\000\040\0001\000\040\000m\000o\000d\000e\000l\000l\000i\000n\000g\000\040\000:}{section*.23}% 19
\BOOKMARK [2][-]{section*.29}{\376\377\000E\000x\000p\000e\000r\000i\000m\000e\000n\000t\000\040\0002}{section*.23}% 20
\BOOKMARK [1][-]{section*.32}{\376\377\000D\000i\000s\000c\000u\000s\000s\000i\000o\000n}{}% 21
\BOOKMARK [1][-]{section*.33}{\376\377\000C\000o\000n\000c\000l\000u\000s\000i\000o\000n}{}% 22
\BOOKMARK [1][-]{section*.34}{\376\377\000R\000e\000f\000e\000r\000e\000n\000c\000e\000s}{}% 23
